<?xml version="1.0" encoding="UTF-8"?>
<!-- Generated by org.testng.reporters.JUnitXMLReporter -->
<testsuite hostname="DESKTOP-QS37V4D" ignored="0" name="Default test" tests="3" failures="0" timestamp="2020-08-07T17:20:31 IST" time="0.187" errors="0">
  <testcase name="logIn" time="0.011" classname="com.test.org.DataProviderTest"/>
  <testcase name="logIn" time="0.008" classname="com.test.org.DataProviderTest"/>
  <testcase name="logIn" time="0.023" classname="com.test.org.DataProviderTest"/>
</testsuite> <!-- Default test -->
