<?xml version="1.0" encoding="UTF-8"?>
<testng-results skipped="0" failed="0" ignored="0" total="3" passed="3">
  <reporter-output>
  </reporter-output>
  <suite name="Default suite" duration-ms="187" started-at="2020-08-07T17:20:31 IST" finished-at="2020-08-07T17:20:31 IST">
    <groups>
    </groups>
    <test name="Default test" duration-ms="187" started-at="2020-08-07T17:20:31 IST" finished-at="2020-08-07T17:20:31 IST">
      <class name="com.test.org.DataProviderTest">
        <test-method status="PASS" signature="logIn(java.lang.String, java.lang.String)[pri:0, instance:com.test.org.DataProviderTest@76707e36]" name="logIn" duration-ms="11" started-at="2020-08-07T17:20:31 IST" data-provider="MyDataProvider" finished-at="2020-08-07T17:20:31 IST">
          <params>
            <param index="0">
              <value>
                <![CDATA[AAA]]>
              </value>
            </param>
            <param index="1">
              <value>
                <![CDATA[111]]>
              </value>
            </param>
          </params>
          <reporter-output>
          </reporter-output>
        </test-method> <!-- logIn -->
        <test-method status="PASS" signature="logIn(java.lang.String, java.lang.String)[pri:0, instance:com.test.org.DataProviderTest@76707e36]" name="logIn" duration-ms="8" started-at="2020-08-07T17:20:31 IST" data-provider="MyDataProvider" finished-at="2020-08-07T17:20:31 IST">
          <params>
            <param index="0">
              <value>
                <![CDATA[BBB]]>
              </value>
            </param>
            <param index="1">
              <value>
                <![CDATA[222]]>
              </value>
            </param>
          </params>
          <reporter-output>
          </reporter-output>
        </test-method> <!-- logIn -->
        <test-method status="PASS" signature="logIn(java.lang.String, java.lang.String)[pri:0, instance:com.test.org.DataProviderTest@76707e36]" name="logIn" duration-ms="23" started-at="2020-08-07T17:20:31 IST" data-provider="MyDataProvider" finished-at="2020-08-07T17:20:31 IST">
          <params>
            <param index="0">
              <value>
                <![CDATA[CCC]]>
              </value>
            </param>
            <param index="1">
              <value>
                <![CDATA[333]]>
              </value>
            </param>
          </params>
          <reporter-output>
          </reporter-output>
        </test-method> <!-- logIn -->
      </class> <!-- com.test.org.DataProviderTest -->
    </test> <!-- Default test -->
  </suite> <!-- Default suite -->
</testng-results>
